0 info it worked if it ends with ok
1 verbose cli [ '/usr/bin/node', '/usr/bin/npm', 'install' ]
2 info using npm@3.5.2
3 info using node@v8.10.0
4 silly loadCurrentTree Starting
5 silly install loadCurrentTree
6 silly install readLocalPackageData
7 silly install normalizeTree
8 silly loadCurrentTree Finishing
9 silly loadIdealTree Starting
10 silly install loadIdealTree
11 silly cloneCurrentTree Starting
12 silly install cloneCurrentTreeToIdealTree
13 silly cloneCurrentTree Finishing
14 silly loadShrinkwrap Starting
15 silly install loadShrinkwrap
16 silly loadShrinkwrap Finishing
17 silly loadAllDepsIntoIdealTree Starting
18 silly install loadAllDepsIntoIdealTree
19 silly fetchNamedPackageData @types/mocha
20 silly mapToRegistry name @types/mocha
21 silly mapToRegistry scope (from package name) @types
22 verbose mapToRegistry no registry URL found in name for scope @types
23 silly mapToRegistry using default registry
24 silly mapToRegistry registry https://registry.npmjs.org/
25 silly mapToRegistry uri https://registry.npmjs.org/@types%2fmocha
26 silly fetchNamedPackageData @types/node
27 silly mapToRegistry name @types/node
28 silly mapToRegistry scope (from package name) @types
29 verbose mapToRegistry no registry URL found in name for scope @types
30 silly mapToRegistry using default registry
31 silly mapToRegistry registry https://registry.npmjs.org/
32 silly mapToRegistry uri https://registry.npmjs.org/@types%2fnode
33 silly fetchNamedPackageData @typescript-eslint/eslint-plugin
34 silly mapToRegistry name @typescript-eslint/eslint-plugin
35 silly mapToRegistry scope (from package name) @typescript-eslint
36 verbose mapToRegistry no registry URL found in name for scope @typescript-eslint
37 silly mapToRegistry using default registry
38 silly mapToRegistry registry https://registry.npmjs.org/
39 silly mapToRegistry uri https://registry.npmjs.org/@typescript-eslint%2feslint-plugin
40 silly fetchNamedPackageData @typescript-eslint/parser
41 silly mapToRegistry name @typescript-eslint/parser
42 silly mapToRegistry scope (from package name) @typescript-eslint
43 verbose mapToRegistry no registry URL found in name for scope @typescript-eslint
44 silly mapToRegistry using default registry
45 silly mapToRegistry registry https://registry.npmjs.org/
46 silly mapToRegistry uri https://registry.npmjs.org/@typescript-eslint%2fparser
47 silly fetchNamedPackageData eslint
48 silly mapToRegistry name eslint
49 silly mapToRegistry using default registry
50 silly mapToRegistry registry https://registry.npmjs.org/
51 silly mapToRegistry uri https://registry.npmjs.org/eslint
52 silly fetchNamedPackageData mocha
53 silly mapToRegistry name mocha
54 silly mapToRegistry using default registry
55 silly mapToRegistry registry https://registry.npmjs.org/
56 silly mapToRegistry uri https://registry.npmjs.org/mocha
57 silly fetchNamedPackageData typescript
58 silly mapToRegistry name typescript
59 silly mapToRegistry using default registry
60 silly mapToRegistry registry https://registry.npmjs.org/
61 silly mapToRegistry uri https://registry.npmjs.org/typescript
62 verbose request uri https://registry.npmjs.org/@types%2fmocha
63 verbose request no auth needed
64 info attempt registry request try #1 at 7:41:03 PM
65 verbose request id a291772bbf7e6a2f
66 http request GET https://registry.npmjs.org/@types%2fmocha
67 verbose request uri https://registry.npmjs.org/@types%2fnode
68 verbose request no auth needed
69 info attempt registry request try #1 at 7:41:03 PM
70 http request GET https://registry.npmjs.org/@types%2fnode
71 verbose request uri https://registry.npmjs.org/@typescript-eslint%2feslint-plugin
72 verbose request no auth needed
73 info attempt registry request try #1 at 7:41:03 PM
74 http request GET https://registry.npmjs.org/@typescript-eslint%2feslint-plugin
75 verbose request uri https://registry.npmjs.org/@typescript-eslint%2fparser
76 verbose request no auth needed
77 info attempt registry request try #1 at 7:41:03 PM
78 http request GET https://registry.npmjs.org/@typescript-eslint%2fparser
79 verbose request uri https://registry.npmjs.org/eslint
80 verbose request no auth needed
81 info attempt registry request try #1 at 7:41:03 PM
82 http request GET https://registry.npmjs.org/eslint
83 verbose request uri https://registry.npmjs.org/mocha
84 verbose request no auth needed
85 info attempt registry request try #1 at 7:41:03 PM
86 http request GET https://registry.npmjs.org/mocha
87 verbose request uri https://registry.npmjs.org/typescript
88 verbose request no auth needed
89 info attempt registry request try #1 at 7:41:03 PM
90 http request GET https://registry.npmjs.org/typescript
91 http 200 https://registry.npmjs.org/eslint
92 verbose headers { date: 'Thu, 16 Mar 2023 18:41:02 GMT',
92 verbose headers   'content-type': 'application/json',
92 verbose headers   'transfer-encoding': 'chunked',
92 verbose headers   connection: 'keep-alive',
92 verbose headers   'cf-ray': '7a8f20c64a83a264-FCO',
92 verbose headers   'access-control-allow-origin': '*',
92 verbose headers   'cache-control': 'public, max-age=300',
92 verbose headers   etag: 'W/"b9946ddf39fee419e04c432fc0d0f6e7"',
92 verbose headers   'last-modified': 'Fri, 10 Mar 2023 22:16:40 GMT',
92 verbose headers   vary: 'accept-encoding, accept',
92 verbose headers   'cf-cache-status': 'HIT',
92 verbose headers   'x-amz-replication-status': 'PENDING',
92 verbose headers   'x-amz-server-side-encryption': 'AES256',
92 verbose headers   server: 'cloudflare',
92 verbose headers   'content-encoding': 'gzip' }
93 silly get cb [ 200,
93 silly get   { date: 'Thu, 16 Mar 2023 18:41:02 GMT',
93 silly get     'content-type': 'application/json',
93 silly get     'transfer-encoding': 'chunked',
93 silly get     connection: 'keep-alive',
93 silly get     'cf-ray': '7a8f20c64a83a264-FCO',
93 silly get     'access-control-allow-origin': '*',
93 silly get     'cache-control': 'public, max-age=300',
93 silly get     etag: 'W/"b9946ddf39fee419e04c432fc0d0f6e7"',
93 silly get     'last-modified': 'Fri, 10 Mar 2023 22:16:40 GMT',
93 silly get     vary: 'accept-encoding, accept',
93 silly get     'cf-cache-status': 'HIT',
93 silly get     'x-amz-replication-status': 'PENDING',
93 silly get     'x-amz-server-side-encryption': 'AES256',
93 silly get     server: 'cloudflare',
93 silly get     'content-encoding': 'gzip' } ]
94 verbose get saving eslint to /home/govax/.npm/registry.npmjs.org/eslint/.cache.json
95 silly resolveWithNewModule eslint@8.36.0 checking installable status
96 silly cache add args [ 'eslint@^8.35.0', null ]
97 verbose cache add spec eslint@^8.35.0
98 silly cache add parsed spec Result {
98 silly cache add   raw: 'eslint@^8.35.0',
98 silly cache add   scope: null,
98 silly cache add   name: 'eslint',
98 silly cache add   rawSpec: '^8.35.0',
98 silly cache add   spec: '>=8.35.0 <9.0.0',
98 silly cache add   type: 'range' }
99 silly addNamed eslint@>=8.35.0 <9.0.0
100 verbose addNamed ">=8.35.0 <9.0.0" is a valid semver range for eslint
101 silly addNameRange { name: 'eslint', range: '>=8.35.0 <9.0.0', hasData: false }
102 silly mapToRegistry name eslint
103 silly mapToRegistry using default registry
104 silly mapToRegistry registry https://registry.npmjs.org/
105 silly mapToRegistry uri https://registry.npmjs.org/eslint
106 verbose addNameRange registry:https://registry.npmjs.org/eslint not in flight; fetching
107 verbose get https://registry.npmjs.org/eslint not expired, no request
108 silly addNameRange number 2 { name: 'eslint', range: '>=8.35.0 <9.0.0', hasData: true }
109 silly addNameRange versions [ 'eslint',
109 silly addNameRange   [ '0.0.4',
109 silly addNameRange     '0.0.5',
109 silly addNameRange     '0.0.6',
109 silly addNameRange     '0.0.7',
109 silly addNameRange     '0.1.0-dev',
109 silly addNameRange     '0.1.0',
109 silly addNameRange     '0.1.1',
109 silly addNameRange     '0.1.2',
109 silly addNameRange     '0.1.3',
109 silly addNameRange     '0.1.4',
109 silly addNameRange     '0.2.0',
109 silly addNameRange     '0.3.0',
109 silly addNameRange     '0.4.0',
109 silly addNameRange     '0.4.1',
109 silly addNameRange     '0.4.2',
109 silly addNameRange     '0.4.3',
109 silly addNameRange     '0.4.4',
109 silly addNameRange     '0.4.5',
109 silly addNameRange     '0.5.0',
109 silly addNameRange     '0.5.1',
109 silly addNameRange     '0.6.0',
109 silly addNameRange     '0.6.1',
109 silly addNameRange     '0.6.2',
109 silly addNameRange     '0.7.1',
109 silly addNameRange     '0.7.2',
109 silly addNameRange     '0.7.3',
109 silly addNameRange     '0.7.4',
109 silly addNameRange     '0.8.0',
109 silly addNameRange     '0.8.1',
109 silly addNameRange     '0.8.2',
109 silly addNameRange     '0.9.0',
109 silly addNameRange     '0.9.1',
109 silly addNameRange     '0.9.2',
109 silly addNameRange     '0.10.0-alpha',
109 silly addNameRange     '0.10.0-alpha.1',
109 silly addNameRange     '0.10.0-alpha.2',
109 silly addNameRange     '0.10.0',
109 silly addNameRange     '0.11.0-alpha.0',
109 silly addNameRange     '0.10.1',
109 silly addNameRange     '0.10.2',
109 silly addNameRange     '0.11.0',
109 silly addNameRange     '0.12.0',
109 silly addNameRange     '0.13.0',
109 silly addNameRange     '0.14.0',
109 silly addNameRange     '0.14.1',
109 silly addNameRange     '0.15.0',
109 silly addNameRange     '0.15.1',
109 silly addNameRange     '0.16.0',
109 silly addNameRange     '0.16.1',
109 silly addNameRange     '0.16.2',
109 silly addNameRange     '0.17.0',
109 silly addNameRange     '0.17.1',
109 silly addNameRange     '0.18.0',
109 silly addNameRange     '0.19.0',
109 silly addNameRange     '0.20.0',
109 silly addNameRange     '0.21.0',
109 silly addNameRange     '0.21.1',
109 silly addNameRange     '0.21.2',
109 silly addNameRange     '0.22.0',
109 silly addNameRange     '0.22.1',
109 silly addNameRange     '0.23.0',
109 silly addNameRange     '0.24.0',
109 silly addNameRange     '0.24.1',
109 silly addNameRange     '1.0.0-rc-1',
109 silly addNameRange     '1.0.0-rc-2',
109 silly addNameRange     '1.0.0-rc-3',
109 silly addNameRange     '1.0.0',
109 silly addNameRange     '1.1.0',
109 silly addNameRange     '1.2.0',
109 silly addNameRange     '1.2.1',
109 silly addNameRange     '1.3.0',
109 silly addNameRange     '1.3.1',
109 silly addNameRange     '1.4.0',
109 silly addNameRange     '1.4.1',
109 silly addNameRange     '1.4.2',
109 silly addNameRange     '1.4.3',
109 silly addNameRange     '1.5.0',
109 silly addNameRange     '1.5.1',
109 silly addNameRange     '1.6.0',
109 silly addNameRange     '1.7.0',
109 silly addNameRange     '1.7.1',
109 silly addNameRange     '1.7.2',
109 silly addNameRange     '1.7.3',
109 silly addNameRange     '1.8.0',
109 silly addNameRange     '1.9.0',
109 silly addNameRange     '1.10.0',
109 silly addNameRange     '1.10.1',
109 silly addNameRange     '1.10.2',
109 silly addNameRange     '1.10.3',
109 silly addNameRange     '2.0.0-alpha-1',
109 silly addNameRange     '2.0.0-alpha-2',
109 silly addNameRange     '2.0.0-beta.1',
109 silly addNameRange     '2.0.0-beta.2',
109 silly addNameRange     '2.0.0-beta.3',
109 silly addNameRange     '2.0.0-rc.0',
109 silly addNameRange     '2.0.0-rc.1',
109 silly addNameRange     '2.0.0',
109 silly addNameRange     '2.1.0',
109 silly addNameRange     '2.2.0',
109 silly addNameRange     '2.3.0',
109 silly addNameRange     ... 225 more items ] ]
110 silly addNamed eslint@8.36.0
111 verbose addNamed "8.36.0" is a plain semver version for eslint
112 silly mapToRegistry name eslint
113 silly mapToRegistry using default registry
114 silly mapToRegistry registry https://registry.npmjs.org/
115 silly mapToRegistry uri https://registry.npmjs.org/eslint
116 verbose addRemoteTarball https://registry.npmjs.org/eslint/-/eslint-8.36.0.tgz not in flight; adding
117 verbose addRemoteTarball [ 'https://registry.npmjs.org/eslint/-/eslint-8.36.0.tgz',
117 verbose addRemoteTarball   '1bd72202200a5492f91803b113fb8a83b11285cf' ]
118 info retry fetch attempt 1 at 7:41:03 PM
119 info attempt registry request try #1 at 7:41:03 PM
120 http fetch GET https://registry.npmjs.org/eslint/-/eslint-8.36.0.tgz
121 http fetch 200 https://registry.npmjs.org/eslint/-/eslint-8.36.0.tgz
122 silly fetchAndShaCheck shasum 1bd72202200a5492f91803b113fb8a83b11285cf
123 verbose addTmpTarball /tmp/npm-229-704af039/registry.npmjs.org/eslint/-/eslint-8.36.0.tgz not in flight; adding
124 verbose addTmpTarball already have metadata; skipping unpack for eslint@8.36.0
125 silly cache afterAdd eslint@8.36.0
126 verbose afterAdd /home/govax/.npm/eslint/8.36.0/package/package.json not in flight; writing
127 verbose afterAdd /home/govax/.npm/eslint/8.36.0/package/package.json written
128 http 200 https://registry.npmjs.org/typescript
129 verbose headers { date: 'Thu, 16 Mar 2023 18:41:02 GMT',
129 verbose headers   'content-type': 'application/json',
129 verbose headers   'transfer-encoding': 'chunked',
129 verbose headers   connection: 'keep-alive',
129 verbose headers   'cf-ray': '7a8f20c65fcc0f86-MXP',
129 verbose headers   'access-control-allow-origin': '*',
129 verbose headers   age: '103',
129 verbose headers   'cache-control': 'public, max-age=300',
129 verbose headers   etag: 'W/"47b0fe8825b7170efbbb436d89399a6a"',
129 verbose headers   'last-modified': 'Thu, 16 Mar 2023 16:44:43 GMT',
129 verbose headers   vary: 'accept-encoding, accept',
129 verbose headers   'cf-cache-status': 'HIT',
129 verbose headers   'x-amz-replication-status': 'PENDING',
129 verbose headers   'x-amz-server-side-encryption': 'AES256',
129 verbose headers   server: 'cloudflare',
129 verbose headers   'content-encoding': 'gzip' }
130 silly get cb [ 200,
130 silly get   { date: 'Thu, 16 Mar 2023 18:41:02 GMT',
130 silly get     'content-type': 'application/json',
130 silly get     'transfer-encoding': 'chunked',
130 silly get     connection: 'keep-alive',
130 silly get     'cf-ray': '7a8f20c65fcc0f86-MXP',
130 silly get     'access-control-allow-origin': '*',
130 silly get     age: '103',
130 silly get     'cache-control': 'public, max-age=300',
130 silly get     etag: 'W/"47b0fe8825b7170efbbb436d89399a6a"',
130 silly get     'last-modified': 'Thu, 16 Mar 2023 16:44:43 GMT',
130 silly get     vary: 'accept-encoding, accept',
130 silly get     'cf-cache-status': 'HIT',
130 silly get     'x-amz-replication-status': 'PENDING',
130 silly get     'x-amz-server-side-encryption': 'AES256',
130 silly get     server: 'cloudflare',
130 silly get     'content-encoding': 'gzip' } ]
131 verbose get saving typescript to /home/govax/.npm/registry.npmjs.org/typescript/.cache.json
132 silly resolveWithNewModule typescript@4.9.5 checking installable status
133 silly cache add args [ 'typescript@^4.9.5', null ]
134 verbose cache add spec typescript@^4.9.5
135 silly cache add parsed spec Result {
135 silly cache add   raw: 'typescript@^4.9.5',
135 silly cache add   scope: null,
135 silly cache add   name: 'typescript',
135 silly cache add   rawSpec: '^4.9.5',
135 silly cache add   spec: '>=4.9.5 <5.0.0',
135 silly cache add   type: 'range' }
136 silly addNamed typescript@>=4.9.5 <5.0.0
137 verbose addNamed ">=4.9.5 <5.0.0" is a valid semver range for typescript
138 silly addNameRange { name: 'typescript', range: '>=4.9.5 <5.0.0', hasData: false }
139 silly mapToRegistry name typescript
140 silly mapToRegistry using default registry
141 silly mapToRegistry registry https://registry.npmjs.org/
142 silly mapToRegistry uri https://registry.npmjs.org/typescript
143 verbose addNameRange registry:https://registry.npmjs.org/typescript not in flight; fetching
144 verbose get https://registry.npmjs.org/typescript not expired, no request
145 silly addNameRange number 2 { name: 'typescript', range: '>=4.9.5 <5.0.0', hasData: true }
146 silly addNameRange versions [ 'typescript',
146 silly addNameRange   [ '0.8.0',
146 silly addNameRange     '0.8.1',
146 silly addNameRange     '0.8.1-1',
146 silly addNameRange     '0.8.2',
146 silly addNameRange     '0.8.3',
146 silly addNameRange     '0.9.0',
146 silly addNameRange     '0.9.0-1',
146 silly addNameRange     '0.9.1',
146 silly addNameRange     '0.9.1-1',
146 silly addNameRange     '0.9.5',
146 silly addNameRange     '0.9.7',
146 silly addNameRange     '1.0.0',
146 silly addNameRange     '1.0.1',
146 silly addNameRange     '1.1.0-1',
146 silly addNameRange     '1.3.0',
146 silly addNameRange     '1.4.1',
146 silly addNameRange     '1.5.0-alpha',
146 silly addNameRange     '1.5.0-beta',
146 silly addNameRange     '1.5.3',
146 silly addNameRange     '1.6.0-dev.20150722.1',
146 silly addNameRange     '1.6.0-dev.20150723',
146 silly addNameRange     '1.6.0-dev.20150724',
146 silly addNameRange     '1.6.0-dev.20150725',
146 silly addNameRange     '1.6.0-dev.20150726',
146 silly addNameRange     '1.6.0-dev.20150727',
146 silly addNameRange     '1.6.0-dev.20150728',
146 silly addNameRange     '1.6.0-dev.20150729',
146 silly addNameRange     '1.6.0-dev.20150730',
146 silly addNameRange     '1.6.0-dev.20150731',
146 silly addNameRange     '1.6.0-dev.20150801',
146 silly addNameRange     '1.6.0-dev.20150802',
146 silly addNameRange     '1.6.0-dev.20150803',
146 silly addNameRange     '1.6.0-dev.20150804',
146 silly addNameRange     '1.6.0-dev.20150805',
146 silly addNameRange     '1.6.0-dev.20150806',
146 silly addNameRange     '1.6.0-dev.20150807',
146 silly addNameRange     '1.6.0-dev.20150808',
146 silly addNameRange     '1.6.0-dev.20150809',
146 silly addNameRange     '1.6.0-dev.20150810',
146 silly addNameRange     '1.6.0-dev.20150811',
146 silly addNameRange     '1.6.0-dev.20150812',
146 silly addNameRange     '1.6.0-dev.20150813',
146 silly addNameRange     '1.6.0-dev.20150814',
146 silly addNameRange     '1.6.0-dev.20150815',
146 silly addNameRange     '1.6.0-dev.20150816',
146 silly addNameRange     '1.6.0-dev.20150817',
146 silly addNameRange     '1.6.0-dev.20150818',
146 silly addNameRange     '1.6.0-dev.20150819',
146 silly addNameRange     '1.6.0-dev.20150820',
146 silly addNameRange     '1.6.0-dev.20150821',
146 silly addNameRange     '1.6.0-dev.20150822',
146 silly addNameRange     '1.6.0-dev.20150823',
146 silly addNameRange     '1.6.0-dev.20150824',
146 silly addNameRange     '1.6.0-dev.20150825',
146 silly addNameRange     '1.7.0-dev.20150826',
146 silly addNameRange     '1.7.0-dev.20150827',
146 silly addNameRange     '1.7.0-dev.20150828',
146 silly addNameRange     '1.7.0-dev.20150829',
146 silly addNameRange     '1.7.0-dev.20150830',
146 silly addNameRange     '1.7.0-dev.20150831',
146 silly addNameRange     '1.7.0-dev.20150901',
146 silly addNameRange     '1.7.0-dev.20150902',
146 silly addNameRange     '1.6.0-beta',
146 silly addNameRange     '1.7.0-dev.20150903',
146 silly addNameRange     '1.7.0-dev.20150904',
146 silly addNameRange     '1.6.0-dev.20150905',
146 silly addNameRange     '1.6.0-dev.20150906',
146 silly addNameRange     '1.6.0-dev.20150907',
146 silly addNameRange     '1.6.0-dev.20150908',
146 silly addNameRange     '1.6.0-dev.20150909',
146 silly addNameRange     '1.6.0-dev.20150910',
146 silly addNameRange     '1.6.0-dev.20150911',
146 silly addNameRange     '1.6.0-dev.20150912',
146 silly addNameRange     '1.6.0-dev.20150913',
146 silly addNameRange     '1.6.0-dev.20150914',
146 silly addNameRange     '1.6.0-dev.20150915',
146 silly addNameRange     '1.7.0-dev.20150916',
146 silly addNameRange     '1.6.2',
146 silly addNameRange     '1.7.0-dev.20150917',
146 silly addNameRange     '1.7.0-dev.20150918',
146 silly addNameRange     '1.7.0-dev.20150919',
146 silly addNameRange     '1.7.0-dev.20150920',
146 silly addNameRange     '1.7.0-dev.20150921',
146 silly addNameRange     '1.7.0-dev.20150922',
146 silly addNameRange     '1.7.0-dev.20150923',
146 silly addNameRange     '1.7.0-dev.20150924',
146 silly addNameRange     '1.7.0-dev.20150925',
146 silly addNameRange     '1.7.0-dev.20150926',
146 silly addNameRange     '1.7.0-dev.20150927',
146 silly addNameRange     '1.7.0-dev.20150928',
146 silly addNameRange     '1.7.0-dev.20150929',
146 silly addNameRange     '1.7.0-dev.20150930',
146 silly addNameRange     '1.7.0-dev.20151001',
146 silly addNameRange     '1.7.0-dev.20151002',
146 silly addNameRange     '1.7.0-dev.20151003',
146 silly addNameRange     '1.7.0-dev.20151004',
146 silly addNameRange     '1.7.0-dev.20151005',
146 silly addNameRange     '1.7.0-dev.20151006',
146 silly addNameRange     '1.7.0-dev.20151014',
146 silly addNameRange     '1.7.0-dev.20151015',
146 silly addNameRange     ... 2525 more items ] ]
147 silly addNamed typescript@4.9.5
148 verbose addNamed "4.9.5" is a plain semver version for typescript
149 silly mapToRegistry name typescript
150 silly mapToRegistry using default registry
151 silly mapToRegistry registry https://registry.npmjs.org/
152 silly mapToRegistry uri https://registry.npmjs.org/typescript
153 verbose addRemoteTarball https://registry.npmjs.org/typescript/-/typescript-4.9.5.tgz not in flight; adding
154 verbose addRemoteTarball [ 'https://registry.npmjs.org/typescript/-/typescript-4.9.5.tgz',
154 verbose addRemoteTarball   '095979f9bcc0d09da324d58d03ce8f8374cbe65a' ]
155 info retry fetch attempt 1 at 7:41:04 PM
156 info attempt registry request try #1 at 7:41:04 PM
157 http fetch GET https://registry.npmjs.org/typescript/-/typescript-4.9.5.tgz
158 http fetch 200 https://registry.npmjs.org/typescript/-/typescript-4.9.5.tgz
159 http 200 https://registry.npmjs.org/@types%2fmocha
160 verbose headers { date: 'Thu, 16 Mar 2023 18:41:03 GMT',
160 verbose headers   'content-type': 'application/json',
160 verbose headers   'transfer-encoding': 'chunked',
160 verbose headers   connection: 'keep-alive',
160 verbose headers   'cf-ray': '7a8f20c62bdca319-FCO',
160 verbose headers   'access-control-allow-origin': '*',
160 verbose headers   'cache-control': 'public, max-age=300',
160 verbose headers   etag: 'W/"3c1adfaebc8d06d3e2b445c5a7c96992"',
160 verbose headers   'last-modified': 'Wed, 08 Mar 2023 01:43:10 GMT',
160 verbose headers   vary: 'accept-encoding, accept',
160 verbose headers   'cf-cache-status': 'REVALIDATED',
160 verbose headers   'x-amz-replication-status': 'COMPLETED',
160 verbose headers   'x-amz-server-side-encryption': 'AES256',
160 verbose headers   server: 'cloudflare',
160 verbose headers   'content-encoding': 'gzip' }
161 silly get cb [ 200,
161 silly get   { date: 'Thu, 16 Mar 2023 18:41:03 GMT',
161 silly get     'content-type': 'application/json',
161 silly get     'transfer-encoding': 'chunked',
161 silly get     connection: 'keep-alive',
161 silly get     'cf-ray': '7a8f20c62bdca319-FCO',
161 silly get     'access-control-allow-origin': '*',
161 silly get     'cache-control': 'public, max-age=300',
161 silly get     etag: 'W/"3c1adfaebc8d06d3e2b445c5a7c96992"',
161 silly get     'last-modified': 'Wed, 08 Mar 2023 01:43:10 GMT',
161 silly get     vary: 'accept-encoding, accept',
161 silly get     'cf-cache-status': 'REVALIDATED',
161 silly get     'x-amz-replication-status': 'COMPLETED',
161 silly get     'x-amz-server-side-encryption': 'AES256',
161 silly get     server: 'cloudflare',
161 silly get     'content-encoding': 'gzip' } ]
162 verbose get saving @types/mocha to /home/govax/.npm/registry.npmjs.org/_40types_252fmocha/.cache.json
163 silly resolveWithNewModule @types/mocha@9.1.1 checking installable status
164 silly cache add args [ '@types/mocha@^9.1.0', null ]
165 verbose cache add spec @types/mocha@^9.1.0
166 silly cache add parsed spec Result {
166 silly cache add   raw: '@types/mocha@^9.1.0',
166 silly cache add   scope: '@types',
166 silly cache add   name: '@types/mocha',
166 silly cache add   rawSpec: '^9.1.0',
166 silly cache add   spec: '>=9.1.0 <10.0.0',
166 silly cache add   type: 'range' }
167 silly addNamed @types/mocha@>=9.1.0 <10.0.0
168 verbose addNamed ">=9.1.0 <10.0.0" is a valid semver range for @types/mocha
169 silly addNameRange { name: '@types/mocha',
169 silly addNameRange   range: '>=9.1.0 <10.0.0',
169 silly addNameRange   hasData: false }
170 silly mapToRegistry name @types/mocha
171 silly mapToRegistry scope (from package name) @types
172 verbose mapToRegistry no registry URL found in name for scope @types
173 silly mapToRegistry using default registry
174 silly mapToRegistry registry https://registry.npmjs.org/
175 silly mapToRegistry uri https://registry.npmjs.org/@types%2fmocha
176 verbose addNameRange registry:https://registry.npmjs.org/@types%2fmocha not in flight; fetching
177 verbose get https://registry.npmjs.org/@types%2fmocha not expired, no request
178 silly addNameRange number 2 { name: '@types/mocha', range: '>=9.1.0 <10.0.0', hasData: true }
179 silly addNameRange versions [ '@types/mocha',
179 silly addNameRange   [ '2.2.14-alpha',
179 silly addNameRange     '2.2.15-alpha',
179 silly addNameRange     '2.2.20-alpha',
179 silly addNameRange     '2.2.21-alpha',
179 silly addNameRange     '2.2.22-alpha',
179 silly addNameRange     '2.2.23-alpha',
179 silly addNameRange     '2.2.24-alpha',
179 silly addNameRange     '2.2.25-alpha',
179 silly addNameRange     '2.2.26-alpha',
179 silly addNameRange     '2.2.27',
179 silly addNameRange     '2.2.28',
179 silly addNameRange     '2.2.29',
179 silly addNameRange     '2.2.30',
179 silly addNameRange     '2.2.31',
179 silly addNameRange     '2.2.32',
179 silly addNameRange     '2.2.33',
179 silly addNameRange     '2.2.34',
179 silly addNameRange     '2.2.35',
179 silly addNameRange     '2.2.36',
179 silly addNameRange     '2.2.37',
179 silly addNameRange     '2.2.38',
179 silly addNameRange     '2.2.39',
179 silly addNameRange     '2.2.40',
179 silly addNameRange     '2.2.41',
179 silly addNameRange     '2.2.42',
179 silly addNameRange     '2.2.43',
179 silly addNameRange     '2.2.44',
179 silly addNameRange     '2.2.45',
179 silly addNameRange     '2.2.46',
179 silly addNameRange     '2.2.47',
179 silly addNameRange     '2.2.48',
179 silly addNameRange     '5.0.0',
179 silly addNameRange     '5.1.0',
179 silly addNameRange     '5.2.0',
179 silly addNameRange     '5.2.1',
179 silly addNameRange     '5.2.2',
179 silly addNameRange     '5.2.3',
179 silly addNameRange     '5.2.4',
179 silly addNameRange     '5.2.5',
179 silly addNameRange     '5.2.6',
179 silly addNameRange     '5.2.7',
179 silly addNameRange     '7.0.0',
179 silly addNameRange     '7.0.1',
179 silly addNameRange     '7.0.2',
179 silly addNameRange     '8.0.0',
179 silly addNameRange     '8.0.1',
179 silly addNameRange     '8.0.2',
179 silly addNameRange     '8.0.3',
179 silly addNameRange     '8.0.4',
179 silly addNameRange     '8.2.0',
179 silly addNameRange     '8.2.1',
179 silly addNameRange     '8.2.2',
179 silly addNameRange     '8.2.3',
179 silly addNameRange     '9.0.0',
179 silly addNameRange     '9.1.0',
179 silly addNameRange     '9.1.1',
179 silly addNameRange     '10.0.0',
179 silly addNameRange     '10.0.1' ] ]
180 silly addNamed @types/mocha@9.1.1
181 verbose addNamed "9.1.1" is a plain semver version for @types/mocha
182 silly mapToRegistry name @types/mocha
183 silly mapToRegistry scope (from package name) @types
184 verbose mapToRegistry no registry URL found in name for scope @types
185 silly mapToRegistry using default registry
186 silly mapToRegistry registry https://registry.npmjs.org/
187 silly mapToRegistry uri https://registry.npmjs.org/@types%2fmocha
188 verbose addRemoteTarball https://registry.npmjs.org/@types/mocha/-/mocha-9.1.1.tgz not in flight; adding
189 verbose addRemoteTarball [ 'https://registry.npmjs.org/@types/mocha/-/mocha-9.1.1.tgz',
189 verbose addRemoteTarball   'e7c4f1001eefa4b8afbd1eee27a237fee3bf29c4' ]
190 info retry fetch attempt 1 at 7:41:04 PM
191 info attempt registry request try #1 at 7:41:04 PM
192 http fetch GET https://registry.npmjs.org/@types/mocha/-/mocha-9.1.1.tgz
193 http 200 https://registry.npmjs.org/@typescript-eslint%2fparser
194 verbose headers { date: 'Thu, 16 Mar 2023 18:41:02 GMT',
194 verbose headers   'content-type': 'application/json',
194 verbose headers   'transfer-encoding': 'chunked',
194 verbose headers   connection: 'keep-alive',
194 verbose headers   'cf-ray': '7a8f20c63c3ca32b-FCO',
194 verbose headers   'access-control-allow-origin': '*',
194 verbose headers   'cache-control': 'public, max-age=300',
194 verbose headers   etag: 'W/"822c743a6c07756d92cd084f7a1c026b"',
194 verbose headers   'last-modified': 'Thu, 16 Mar 2023 00:35:29 GMT',
194 verbose headers   vary: 'accept-encoding, accept',
194 verbose headers   'cf-cache-status': 'HIT',
194 verbose headers   'x-amz-replication-status': 'COMPLETED',
194 verbose headers   'x-amz-server-side-encryption': 'AES256',
194 verbose headers   server: 'cloudflare',
194 verbose headers   'content-encoding': 'gzip' }
195 silly get cb [ 200,
195 silly get   { date: 'Thu, 16 Mar 2023 18:41:02 GMT',
195 silly get     'content-type': 'application/json',
195 silly get     'transfer-encoding': 'chunked',
195 silly get     connection: 'keep-alive',
195 silly get     'cf-ray': '7a8f20c63c3ca32b-FCO',
195 silly get     'access-control-allow-origin': '*',
195 silly get     'cache-control': 'public, max-age=300',
195 silly get     etag: 'W/"822c743a6c07756d92cd084f7a1c026b"',
195 silly get     'last-modified': 'Thu, 16 Mar 2023 00:35:29 GMT',
195 silly get     vary: 'accept-encoding, accept',
195 silly get     'cf-cache-status': 'HIT',
195 silly get     'x-amz-replication-status': 'COMPLETED',
195 silly get     'x-amz-server-side-encryption': 'AES256',
195 silly get     server: 'cloudflare',
195 silly get     'content-encoding': 'gzip' } ]
196 verbose get saving @typescript-eslint/parser to /home/govax/.npm/registry.npmjs.org/_40typescript-eslint_252fparser/.cache.json
197 http 200 https://registry.npmjs.org/mocha
198 verbose headers { date: 'Thu, 16 Mar 2023 18:41:03 GMT',
198 verbose headers   'content-type': 'application/json',
198 verbose headers   'transfer-encoding': 'chunked',
198 verbose headers   connection: 'keep-alive',
198 verbose headers   'cf-ray': '7a8f20c64b9e0f76-MXP',
198 verbose headers   'access-control-allow-origin': '*',
198 verbose headers   'cache-control': 'public, max-age=300',
198 verbose headers   etag: 'W/"d916460b7b0ae150e3f28e3f0450b9ab"',
198 verbose headers   'last-modified': 'Mon, 13 Mar 2023 13:08:53 GMT',
198 verbose headers   vary: 'accept-encoding, accept',
198 verbose headers   'cf-cache-status': 'REVALIDATED',
198 verbose headers   'x-amz-replication-status': 'PENDING',
198 verbose headers   'x-amz-server-side-encryption': 'AES256',
198 verbose headers   server: 'cloudflare',
198 verbose headers   'content-encoding': 'gzip' }
199 silly get cb [ 200,
199 silly get   { date: 'Thu, 16 Mar 2023 18:41:03 GMT',
199 silly get     'content-type': 'application/json',
199 silly get     'transfer-encoding': 'chunked',
199 silly get     connection: 'keep-alive',
199 silly get     'cf-ray': '7a8f20c64b9e0f76-MXP',
199 silly get     'access-control-allow-origin': '*',
199 silly get     'cache-control': 'public, max-age=300',
199 silly get     etag: 'W/"d916460b7b0ae150e3f28e3f0450b9ab"',
199 silly get     'last-modified': 'Mon, 13 Mar 2023 13:08:53 GMT',
199 silly get     vary: 'accept-encoding, accept',
199 silly get     'cf-cache-status': 'REVALIDATED',
199 silly get     'x-amz-replication-status': 'PENDING',
199 silly get     'x-amz-server-side-encryption': 'AES256',
199 silly get     server: 'cloudflare',
199 silly get     'content-encoding': 'gzip' } ]
200 verbose get saving mocha to /home/govax/.npm/registry.npmjs.org/mocha/.cache.json
201 silly resolveWithNewModule @typescript-eslint/parser@5.55.0 checking installable status
202 silly cache add args [ '@typescript-eslint/parser@^5.54.0', null ]
203 verbose cache add spec @typescript-eslint/parser@^5.54.0
204 silly cache add parsed spec Result {
204 silly cache add   raw: '@typescript-eslint/parser@^5.54.0',
204 silly cache add   scope: '@typescript-eslint',
204 silly cache add   name: '@typescript-eslint/parser',
204 silly cache add   rawSpec: '^5.54.0',
204 silly cache add   spec: '>=5.54.0 <6.0.0',
204 silly cache add   type: 'range' }
205 silly addNamed @typescript-eslint/parser@>=5.54.0 <6.0.0
206 verbose addNamed ">=5.54.0 <6.0.0" is a valid semver range for @typescript-eslint/parser
207 silly addNameRange { name: '@typescript-eslint/parser',
207 silly addNameRange   range: '>=5.54.0 <6.0.0',
207 silly addNameRange   hasData: false }
208 silly mapToRegistry name @typescript-eslint/parser
209 silly mapToRegistry scope (from package name) @typescript-eslint
210 verbose mapToRegistry no registry URL found in name for scope @typescript-eslint
211 silly mapToRegistry using default registry
212 silly mapToRegistry registry https://registry.npmjs.org/
213 silly mapToRegistry uri https://registry.npmjs.org/@typescript-eslint%2fparser
214 verbose addNameRange registry:https://registry.npmjs.org/@typescript-eslint%2fparser not in flight; fetching
215 http fetch 200 https://registry.npmjs.org/@types/mocha/-/mocha-9.1.1.tgz
216 verbose stack Error: Missing required argument #1
216 verbose stack     at andLogAndFinish (/usr/share/npm/lib/fetch-package-metadata.js:31:3)
216 verbose stack     at fetchPackageMetadata (/usr/share/npm/lib/fetch-package-metadata.js:51:22)
216 verbose stack     at resolveWithNewModule (/usr/share/npm/lib/install/deps.js:456:12)
216 verbose stack     at /usr/share/npm/lib/install/deps.js:457:7
216 verbose stack     at /usr/share/npm/node_modules/iferr/index.js:13:50
216 verbose stack     at /usr/share/npm/lib/fetch-package-metadata.js:37:12
216 verbose stack     at addRequestedAndFinish (/usr/share/npm/lib/fetch-package-metadata.js:82:5)
216 verbose stack     at returnAndAddMetadata (/usr/share/npm/lib/fetch-package-metadata.js:117:7)
216 verbose stack     at pickVersionFromRegistryDocument (/usr/share/npm/lib/fetch-package-metadata.js:134:20)
216 verbose stack     at /usr/share/npm/node_modules/iferr/index.js:13:50
217 verbose cwd /mnt/c/Users/Davide/Desktop/ENG_SYSTEM/MULTIBODY_SYSTEM_DYNAMICS/Extensions/vscode-extension-samples/lsp-sample
218 error Linux 4.4.0-19041-Microsoft
219 error argv "/usr/bin/node" "/usr/bin/npm" "install"
220 error node v8.10.0
221 error npm  v3.5.2
222 error code EMISSINGARG
223 error typeerror Error: Missing required argument #1
223 error typeerror     at andLogAndFinish (/usr/share/npm/lib/fetch-package-metadata.js:31:3)
223 error typeerror     at fetchPackageMetadata (/usr/share/npm/lib/fetch-package-metadata.js:51:22)
223 error typeerror     at resolveWithNewModule (/usr/share/npm/lib/install/deps.js:456:12)
223 error typeerror     at /usr/share/npm/lib/install/deps.js:457:7
223 error typeerror     at /usr/share/npm/node_modules/iferr/index.js:13:50
223 error typeerror     at /usr/share/npm/lib/fetch-package-metadata.js:37:12
223 error typeerror     at addRequestedAndFinish (/usr/share/npm/lib/fetch-package-metadata.js:82:5)
223 error typeerror     at returnAndAddMetadata (/usr/share/npm/lib/fetch-package-metadata.js:117:7)
223 error typeerror     at pickVersionFromRegistryDocument (/usr/share/npm/lib/fetch-package-metadata.js:134:20)
223 error typeerror     at /usr/share/npm/node_modules/iferr/index.js:13:50
224 error typeerror This is an error with npm itself. Please report this error at:
224 error typeerror     <http://github.com/npm/npm/issues>
225 verbose exit [ 1, true ]
